<?xml version="1.0" encoding="UTF-8"?>
<!-- Generated by org.testng.reporters.JUnitReportReporter -->
<testsuite hostname="Vinayaak" name="com.jbk.LoginTest" tests="1" failures="0" timestamp="26 Aug 2019 05:30:25 GMT" time="0.035" errors="0">
  <testcase name="f" time="0.035" classname="com.jbk.LoginTest"/>
</testsuite> <!-- com.jbk.LoginTest -->
